mkdir: cannot create directory '/var/run/apache2': Permission denied
chown: changing ownership of '/var/lock/apache2.3RxHOSbETi': Operation not permitted
cat: /lib/systemd/system/bind9.service: No existe el fichero o el directorio
cat: /lib/systemd/system/bind9.service: No existe el fichero o el directorio
cat: /lib/systemd/system/bind9.service: No existe el fichero o el directorio
cat: /lib/systemd/system/bind9.service: No existe el fichero o el directorio
(Not all processes could be identified, non-owned process info
 will not be shown, you would have to be root to see it all.)
cat: /lib/systemd/system/bind9.service: No existe el fichero o el directorio
(Not all processes could be identified, non-owned process info
 will not be shown, you would have to be root to see it all.)
cat: /lib/systemd/system/bind9.service: No existe el fichero o el directorio
(Not all processes could be identified, non-owned process info
 will not be shown, you would have to be root to see it all.)
cat: /lib/systemd/system/bind9.service: No existe el fichero o el directorio
(Not all processes could be identified, non-owned process info
 will not be shown, you would have to be root to see it all.)
(Not all processes could be identified, non-owned process info
 will not be shown, you would have to be root to see it all.)
(Not all processes could be identified, non-owned process info
 will not be shown, you would have to be root to see it all.)
(Not all processes could be identified, non-owned process info
 will not be shown, you would have to be root to see it all.)
(Not all processes could be identified, non-owned process info
 will not be shown, you would have to be root to see it all.)
