Active Internet connections (only servers)
Proto Recv-Q Send-Q Local Address           Foreign Address         State       PID/Program name    
tcp        0      0 127.0.0.1:631           0.0.0.0:*               LISTEN      -                   
tcp        0      0 127.0.0.1:45783         0.0.0.0:*               LISTEN      4175/code           
tcp        0      0 127.0.0.1:43967         0.0.0.0:*               LISTEN      -                   
tcp6       0      0 :::80                   :::*                    LISTEN      -                   
tcp6       0      0 ::1:631                 :::*                    LISTEN      -                   
[Unit]
Description=The Apache HTTP Server
After=network.target remote-fs.target nss-lookup.target
Documentation=https://httpd.apache.org/docs/2.4/

[Service]
Type=forking
Environment=APACHE_STARTED_BY_SYSTEMD=true
ExecStart=/usr/sbin/apachectl start
ExecStop=/usr/sbin/apachectl graceful-stop
ExecReload=/usr/sbin/apachectl graceful
KillMode=mixed
PrivateTmp=true
Restart=on-abort

[Install]
WantedBy=multi-user.target
[Unit]
Description=The Apache HTTP Server
After=network.target remote-fs.target nss-lookup.target
Documentation=https://httpd.apache.org/docs/2.4/

[Service]
Type=forking
Environment=APACHE_STARTED_BY_SYSTEMD=true
ExecStart=/usr/sbin/apachectl start
ExecStop=/usr/sbin/apachectl graceful-stop
ExecReload=/usr/sbin/apachectl graceful
KillMode=mixed
PrivateTmp=true
Restart=on-abort

[Install]
WantedBy=multi-user.target
[Unit]
Description=The Apache HTTP Server
After=network.target remote-fs.target nss-lookup.target
Documentation=https://httpd.apache.org/docs/2.4/

[Service]
Type=forking
Environment=APACHE_STARTED_BY_SYSTEMD=true
ExecStart=/usr/sbin/apachectl start
ExecStop=/usr/sbin/apachectl graceful-stop
ExecReload=/usr/sbin/apachectl graceful
KillMode=mixed
PrivateTmp=true
Restart=on-abort

[Install]
WantedBy=multi-user.target
